2018-04-25 10:39:22.419  INFO 2132 --- [main] com.miss.swagger_demo.excelTest          : Starting excelTest on DESKTOP-E1KVEEQ with PID 2132 (started by miss in F:\define\Define Job\swagger_demo)
2018-04-25 10:39:22.451  INFO 2132 --- [main] com.miss.swagger_demo.excelTest          : The following profiles are active: dev
2018-04-25 10:39:22.638  INFO 2132 --- [main] o.s.w.c.s.GenericWebApplicationContext   : Refreshing org.springframework.web.context.support.GenericWebApplicationContext@68c9d179: startup date [Wed Apr 25 10:39:22 CST 2018]; root of context hierarchy
2018-04-25 10:39:25.109  INFO 2132 --- [main] trationDelegate$BeanPostProcessorChecker : Bean 'org.springframework.transaction.annotation.ProxyTransactionManagementConfiguration' of type [org.springframework.transaction.annotation.ProxyTransactionManagementConfiguration$$EnhancerBySpringCGLIB$$2289209f] is not eligible for getting processed by all BeanPostProcessors (for example: not eligible for auto-proxying)
2018-04-25 10:39:26.879  INFO 2132 --- [main] s.w.s.m.m.a.RequestMappingHandlerMapping : Mapped "{[/api/getUserOptLog],methods=[POST]}" onto public com.miss.swagger_demo.entity.UserOptLog com.miss.swagger_demo.controller.SomeRestController.getUserOptLogs(com.miss.swagger_demo.entity.UserOptLog)
2018-04-25 10:39:26.879  INFO 2132 --- [main] s.w.s.m.m.a.RequestMappingHandlerMapping : Mapped "{[/api/hello],methods=[GET]}" onto public java.lang.String com.miss.swagger_demo.controller.SomeRestController.hello(int)
2018-04-25 10:39:26.879  INFO 2132 --- [main] s.w.s.m.m.a.RequestMappingHandlerMapping : Mapped "{[/api/addUser],methods=[POST]}" onto public com.miss.swagger_demo.entity.User com.miss.swagger_demo.controller.SomeRestController.addUser(com.miss.swagger_demo.entity.User)
2018-04-25 10:39:26.895  INFO 2132 --- [main] s.w.s.m.m.a.RequestMappingHandlerMapping : Mapped "{[/api/user/getUserByName],methods=[GET]}" onto public com.miss.swagger_demo.entity.User com.miss.swagger_demo.controller.UserController.getUserByName(java.lang.String)
2018-04-25 10:39:26.895  INFO 2132 --- [main] s.w.s.m.m.a.RequestMappingHandlerMapping : Mapped "{[/api/user/getUsers],methods=[GET]}" onto public java.util.List<com.miss.swagger_demo.entity.User> com.miss.swagger_demo.controller.UserController.getUsers()
2018-04-25 10:39:26.895  INFO 2132 --- [main] s.w.s.m.m.a.RequestMappingHandlerMapping : Mapped "{[/api/user/addUser],methods=[POST]}" onto public com.miss.swagger_demo.entity.User com.miss.swagger_demo.controller.UserController.addUser(com.miss.swagger_demo.entity.User)
2018-04-25 10:39:26.895  INFO 2132 --- [main] s.w.s.m.m.a.RequestMappingHandlerMapping : Mapped "{[/swagger-resources/configuration/ui]}" onto public org.springframework.http.ResponseEntity<springfox.documentation.swagger.web.UiConfiguration> springfox.documentation.swagger.web.ApiResourceController.uiConfiguration()
2018-04-25 10:39:26.895  INFO 2132 --- [main] s.w.s.m.m.a.RequestMappingHandlerMapping : Mapped "{[/swagger-resources]}" onto public org.springframework.http.ResponseEntity<java.util.List<springfox.documentation.swagger.web.SwaggerResource>> springfox.documentation.swagger.web.ApiResourceController.swaggerResources()
2018-04-25 10:39:26.895  INFO 2132 --- [main] s.w.s.m.m.a.RequestMappingHandlerMapping : Mapped "{[/swagger-resources/configuration/security]}" onto public org.springframework.http.ResponseEntity<springfox.documentation.swagger.web.SecurityConfiguration> springfox.documentation.swagger.web.ApiResourceController.securityConfiguration()
2018-04-25 10:39:26.895  INFO 2132 --- [main] s.w.s.m.m.a.RequestMappingHandlerMapping : Mapped "{[/error]}" onto public org.springframework.http.ResponseEntity<java.util.Map<java.lang.String, java.lang.Object>> org.springframework.boot.autoconfigure.web.servlet.error.BasicErrorController.error(javax.servlet.http.HttpServletRequest)
2018-04-25 10:39:26.895  INFO 2132 --- [main] s.w.s.m.m.a.RequestMappingHandlerMapping : Mapped "{[/error],produces=[text/html]}" onto public org.springframework.web.servlet.ModelAndView org.springframework.boot.autoconfigure.web.servlet.error.BasicErrorController.errorHtml(javax.servlet.http.HttpServletRequest,javax.servlet.http.HttpServletResponse)
2018-04-25 10:39:27.129  INFO 2132 --- [main] pertySourcedRequestMappingHandlerMapping : Mapped URL path [/v2/api-docs] onto method [public org.springframework.http.ResponseEntity<springfox.documentation.spring.web.json.Json> springfox.documentation.swagger2.web.Swagger2Controller.getDocumentation(java.lang.String,javax.servlet.http.HttpServletRequest)]
2018-04-25 10:39:27.552  INFO 2132 --- [main] o.s.w.s.handler.SimpleUrlHandlerMapping  : Mapped URL path [/**/favicon.ico] onto handler of type [class org.springframework.web.servlet.resource.ResourceHttpRequestHandler]
2018-04-25 10:39:27.802  INFO 2132 --- [main] s.w.s.m.m.a.RequestMappingHandlerAdapter : Looking for @ControllerAdvice: org.springframework.web.context.support.GenericWebApplicationContext@68c9d179: startup date [Wed Apr 25 10:39:22 CST 2018]; root of context hierarchy
2018-04-25 10:39:27.802  INFO 2132 --- [main] s.w.s.m.m.a.RequestMappingHandlerAdapter : Detected ResponseBodyAdvice bean in globalControllerAdvice
2018-04-25 10:39:27.911  INFO 2132 --- [main] o.s.w.s.handler.SimpleUrlHandlerMapping  : Mapped URL path [/webjars/**] onto handler of type [class org.springframework.web.servlet.resource.ResourceHttpRequestHandler]
2018-04-25 10:39:27.911  INFO 2132 --- [main] o.s.w.s.handler.SimpleUrlHandlerMapping  : Mapped URL path [/**] onto handler of type [class org.springframework.web.servlet.resource.ResourceHttpRequestHandler]
2018-04-25 10:39:27.927  INFO 2132 --- [main] .m.m.a.ExceptionHandlerExceptionResolver : Detected @ExceptionHandler methods in globalControllerAdvice
2018-04-25 10:39:27.927  INFO 2132 --- [main] .m.m.a.ExceptionHandlerExceptionResolver : Detected ResponseBodyAdvice implementation in globalControllerAdvice
2018-04-25 10:39:28.551  INFO 2132 --- [main] o.s.c.support.DefaultLifecycleProcessor  : Starting beans in phase 2147483647
2018-04-25 10:39:28.551  INFO 2132 --- [main] d.s.w.p.DocumentationPluginsBootstrapper : Context refreshed
2018-04-25 10:39:28.614  INFO 2132 --- [main] d.s.w.p.DocumentationPluginsBootstrapper : Found 1 custom documentation plugin(s)
2018-04-25 10:39:28.645  INFO 2132 --- [main] s.d.s.w.s.ApiListingReferenceScanner     : Scanning for api listing references
2018-04-25 10:39:28.848  INFO 2132 --- [main] .d.s.w.r.o.CachingOperationNameGenerator : Generating unique operation named: addUserUsingPOST_1
2018-04-25 10:39:28.942  INFO 2132 --- [main] com.miss.swagger_demo.excelTest          : Started excelTest in 7.804 seconds (JVM running for 9.997)
2018-04-25 10:39:29.490  INFO 2132 --- [main] com.miss.swagger_demo.excelTest          : F:\FILES\define\testhtml.html
2018-04-25 10:39:29.506  INFO 2132 --- [Thread-3] o.s.w.c.s.GenericWebApplicationContext   : Closing org.springframework.web.context.support.GenericWebApplicationContext@68c9d179: startup date [Wed Apr 25 10:39:22 CST 2018]; root of context hierarchy
2018-04-25 10:39:29.522  INFO 2132 --- [Thread-3] o.s.c.support.DefaultLifecycleProcessor  : Stopping beans in phase 2147483647
2018-04-25 10:42:46.602  INFO 14776 --- [main] com.miss.swagger_demo.excelTest          : Starting excelTest on DESKTOP-E1KVEEQ with PID 14776 (started by miss in F:\define\Define Job\swagger_demo)
2018-04-25 10:42:46.602  INFO 14776 --- [main] com.miss.swagger_demo.excelTest          : The following profiles are active: dev
2018-04-25 10:42:46.649  INFO 14776 --- [main] o.s.w.c.s.GenericWebApplicationContext   : Refreshing org.springframework.web.context.support.GenericWebApplicationContext@68c9d179: startup date [Wed Apr 25 10:42:46 CST 2018]; root of context hierarchy
2018-04-25 10:42:48.105  INFO 14776 --- [main] trationDelegate$BeanPostProcessorChecker : Bean 'org.springframework.transaction.annotation.ProxyTransactionManagementConfiguration' of type [org.springframework.transaction.annotation.ProxyTransactionManagementConfiguration$$EnhancerBySpringCGLIB$$e0f3dd92] is not eligible for getting processed by all BeanPostProcessors (for example: not eligible for auto-proxying)
2018-04-25 10:42:49.532  INFO 14776 --- [main] s.w.s.m.m.a.RequestMappingHandlerMapping : Mapped "{[/api/getUserOptLog],methods=[POST]}" onto public com.miss.swagger_demo.entity.UserOptLog com.miss.swagger_demo.controller.SomeRestController.getUserOptLogs(com.miss.swagger_demo.entity.UserOptLog)
2018-04-25 10:42:49.534  INFO 14776 --- [main] s.w.s.m.m.a.RequestMappingHandlerMapping : Mapped "{[/api/hello],methods=[GET]}" onto public java.lang.String com.miss.swagger_demo.controller.SomeRestController.hello(int)
2018-04-25 10:42:49.534  INFO 14776 --- [main] s.w.s.m.m.a.RequestMappingHandlerMapping : Mapped "{[/api/addUser],methods=[POST]}" onto public com.miss.swagger_demo.entity.User com.miss.swagger_demo.controller.SomeRestController.addUser(com.miss.swagger_demo.entity.User)
2018-04-25 10:42:49.534  INFO 14776 --- [main] s.w.s.m.m.a.RequestMappingHandlerMapping : Mapped "{[/api/user/getUsers],methods=[GET]}" onto public java.util.List<com.miss.swagger_demo.entity.User> com.miss.swagger_demo.controller.UserController.getUsers()
2018-04-25 10:42:49.534  INFO 14776 --- [main] s.w.s.m.m.a.RequestMappingHandlerMapping : Mapped "{[/api/user/getUserByName],methods=[GET]}" onto public com.miss.swagger_demo.entity.User com.miss.swagger_demo.controller.UserController.getUserByName(java.lang.String)
2018-04-25 10:42:49.534  INFO 14776 --- [main] s.w.s.m.m.a.RequestMappingHandlerMapping : Mapped "{[/api/user/addUser],methods=[POST]}" onto public com.miss.swagger_demo.entity.User com.miss.swagger_demo.controller.UserController.addUser(com.miss.swagger_demo.entity.User)
2018-04-25 10:42:49.534  INFO 14776 --- [main] s.w.s.m.m.a.RequestMappingHandlerMapping : Mapped "{[/swagger-resources/configuration/ui]}" onto public org.springframework.http.ResponseEntity<springfox.documentation.swagger.web.UiConfiguration> springfox.documentation.swagger.web.ApiResourceController.uiConfiguration()
2018-04-25 10:42:49.534  INFO 14776 --- [main] s.w.s.m.m.a.RequestMappingHandlerMapping : Mapped "{[/swagger-resources]}" onto public org.springframework.http.ResponseEntity<java.util.List<springfox.documentation.swagger.web.SwaggerResource>> springfox.documentation.swagger.web.ApiResourceController.swaggerResources()
2018-04-25 10:42:49.534  INFO 14776 --- [main] s.w.s.m.m.a.RequestMappingHandlerMapping : Mapped "{[/swagger-resources/configuration/security]}" onto public org.springframework.http.ResponseEntity<springfox.documentation.swagger.web.SecurityConfiguration> springfox.documentation.swagger.web.ApiResourceController.securityConfiguration()
2018-04-25 10:42:49.534  INFO 14776 --- [main] s.w.s.m.m.a.RequestMappingHandlerMapping : Mapped "{[/error]}" onto public org.springframework.http.ResponseEntity<java.util.Map<java.lang.String, java.lang.Object>> org.springframework.boot.autoconfigure.web.servlet.error.BasicErrorController.error(javax.servlet.http.HttpServletRequest)
2018-04-25 10:42:49.534  INFO 14776 --- [main] s.w.s.m.m.a.RequestMappingHandlerMapping : Mapped "{[/error],produces=[text/html]}" onto public org.springframework.web.servlet.ModelAndView org.springframework.boot.autoconfigure.web.servlet.error.BasicErrorController.errorHtml(javax.servlet.http.HttpServletRequest,javax.servlet.http.HttpServletResponse)
2018-04-25 10:42:49.796  INFO 14776 --- [main] pertySourcedRequestMappingHandlerMapping : Mapped URL path [/v2/api-docs] onto method [public org.springframework.http.ResponseEntity<springfox.documentation.spring.web.json.Json> springfox.documentation.swagger2.web.Swagger2Controller.getDocumentation(java.lang.String,javax.servlet.http.HttpServletRequest)]
2018-04-25 10:42:50.298  INFO 14776 --- [main] o.s.w.s.handler.SimpleUrlHandlerMapping  : Mapped URL path [/**/favicon.ico] onto handler of type [class org.springframework.web.servlet.resource.ResourceHttpRequestHandler]
2018-04-25 10:42:50.652  INFO 14776 --- [main] s.w.s.m.m.a.RequestMappingHandlerAdapter : Looking for @ControllerAdvice: org.springframework.web.context.support.GenericWebApplicationContext@68c9d179: startup date [Wed Apr 25 10:42:46 CST 2018]; root of context hierarchy
2018-04-25 10:42:50.659  INFO 14776 --- [main] s.w.s.m.m.a.RequestMappingHandlerAdapter : Detected ResponseBodyAdvice bean in globalControllerAdvice
2018-04-25 10:42:50.755  INFO 14776 --- [main] o.s.w.s.handler.SimpleUrlHandlerMapping  : Mapped URL path [/webjars/**] onto handler of type [class org.springframework.web.servlet.resource.ResourceHttpRequestHandler]
2018-04-25 10:42:50.755  INFO 14776 --- [main] o.s.w.s.handler.SimpleUrlHandlerMapping  : Mapped URL path [/**] onto handler of type [class org.springframework.web.servlet.resource.ResourceHttpRequestHandler]
2018-04-25 10:42:50.778  INFO 14776 --- [main] .m.m.a.ExceptionHandlerExceptionResolver : Detected @ExceptionHandler methods in globalControllerAdvice
2018-04-25 10:42:50.778  INFO 14776 --- [main] .m.m.a.ExceptionHandlerExceptionResolver : Detected ResponseBodyAdvice implementation in globalControllerAdvice
2018-04-25 10:42:51.445  INFO 14776 --- [main] o.s.c.support.DefaultLifecycleProcessor  : Starting beans in phase 2147483647
2018-04-25 10:42:51.446  INFO 14776 --- [main] d.s.w.p.DocumentationPluginsBootstrapper : Context refreshed
2018-04-25 10:42:51.491  INFO 14776 --- [main] d.s.w.p.DocumentationPluginsBootstrapper : Found 1 custom documentation plugin(s)
2018-04-25 10:42:51.557  INFO 14776 --- [main] s.d.s.w.s.ApiListingReferenceScanner     : Scanning for api listing references
2018-04-25 10:42:51.840  INFO 14776 --- [main] .d.s.w.r.o.CachingOperationNameGenerator : Generating unique operation named: addUserUsingPOST_1
2018-04-25 10:42:51.891  INFO 14776 --- [main] com.miss.swagger_demo.excelTest          : Started excelTest in 5.736 seconds (JVM running for 6.897)
2018-04-25 10:42:52.255  INFO 14776 --- [main] com.miss.swagger_demo.excelTest          : F:\FILES\define\testhtmlfalse.html
2018-04-25 10:42:52.255  INFO 14776 --- [Thread-3] o.s.w.c.s.GenericWebApplicationContext   : Closing org.springframework.web.context.support.GenericWebApplicationContext@68c9d179: startup date [Wed Apr 25 10:42:46 CST 2018]; root of context hierarchy
2018-04-25 10:42:52.255  INFO 14776 --- [Thread-3] o.s.c.support.DefaultLifecycleProcessor  : Stopping beans in phase 2147483647
2018-04-25 15:25:17.039  INFO 7784 --- [main] com.miss.swagger_demo.excelTest          : Starting excelTest on DESKTOP-E1KVEEQ with PID 7784 (started by miss in F:\define\Define Job\swagger_demo)
2018-04-25 15:25:17.053  INFO 7784 --- [main] com.miss.swagger_demo.excelTest          : The following profiles are active: dev
2018-04-25 15:25:17.121  INFO 7784 --- [main] o.s.w.c.s.GenericWebApplicationContext   : Refreshing org.springframework.web.context.support.GenericWebApplicationContext@68c9d179: startup date [Wed Apr 25 15:25:17 CST 2018]; root of context hierarchy
2018-04-25 15:25:18.693  INFO 7784 --- [main] trationDelegate$BeanPostProcessorChecker : Bean 'org.springframework.transaction.annotation.ProxyTransactionManagementConfiguration' of type [org.springframework.transaction.annotation.ProxyTransactionManagementConfiguration$$EnhancerBySpringCGLIB$$a5b6fb08] is not eligible for getting processed by all BeanPostProcessors (for example: not eligible for auto-proxying)
2018-04-25 15:25:19.872  INFO 7784 --- [main] s.w.s.m.m.a.RequestMappingHandlerMapping : Mapped "{[/api/getUserOptLog],methods=[POST]}" onto public com.miss.swagger_demo.entity.UserOptLog com.miss.swagger_demo.controller.SomeRestController.getUserOptLogs(com.miss.swagger_demo.entity.UserOptLog)
2018-04-25 15:25:19.874  INFO 7784 --- [main] s.w.s.m.m.a.RequestMappingHandlerMapping : Mapped "{[/api/hello],methods=[GET]}" onto public java.lang.String com.miss.swagger_demo.controller.SomeRestController.hello(int)
2018-04-25 15:25:19.874  INFO 7784 --- [main] s.w.s.m.m.a.RequestMappingHandlerMapping : Mapped "{[/api/addUser],methods=[POST]}" onto public com.miss.swagger_demo.entity.User com.miss.swagger_demo.controller.SomeRestController.addUser(com.miss.swagger_demo.entity.User)
2018-04-25 15:25:19.876  INFO 7784 --- [main] s.w.s.m.m.a.RequestMappingHandlerMapping : Mapped "{[/api/user/getUserByName],methods=[GET]}" onto public com.miss.swagger_demo.entity.User com.miss.swagger_demo.controller.UserController.getUserByName(java.lang.String)
2018-04-25 15:25:19.877  INFO 7784 --- [main] s.w.s.m.m.a.RequestMappingHandlerMapping : Mapped "{[/api/user/getUsers],methods=[GET]}" onto public java.util.List<com.miss.swagger_demo.entity.User> com.miss.swagger_demo.controller.UserController.getUsers()
2018-04-25 15:25:19.877  INFO 7784 --- [main] s.w.s.m.m.a.RequestMappingHandlerMapping : Mapped "{[/api/user/addUser],methods=[POST]}" onto public com.miss.swagger_demo.entity.User com.miss.swagger_demo.controller.UserController.addUser(com.miss.swagger_demo.entity.User)
2018-04-25 15:25:19.882  INFO 7784 --- [main] s.w.s.m.m.a.RequestMappingHandlerMapping : Mapped "{[/swagger-resources]}" onto public org.springframework.http.ResponseEntity<java.util.List<springfox.documentation.swagger.web.SwaggerResource>> springfox.documentation.swagger.web.ApiResourceController.swaggerResources()
2018-04-25 15:25:19.883  INFO 7784 --- [main] s.w.s.m.m.a.RequestMappingHandlerMapping : Mapped "{[/swagger-resources/configuration/ui]}" onto public org.springframework.http.ResponseEntity<springfox.documentation.swagger.web.UiConfiguration> springfox.documentation.swagger.web.ApiResourceController.uiConfiguration()
2018-04-25 15:25:19.883  INFO 7784 --- [main] s.w.s.m.m.a.RequestMappingHandlerMapping : Mapped "{[/swagger-resources/configuration/security]}" onto public org.springframework.http.ResponseEntity<springfox.documentation.swagger.web.SecurityConfiguration> springfox.documentation.swagger.web.ApiResourceController.securityConfiguration()
2018-04-25 15:25:19.887  INFO 7784 --- [main] s.w.s.m.m.a.RequestMappingHandlerMapping : Mapped "{[/error]}" onto public org.springframework.http.ResponseEntity<java.util.Map<java.lang.String, java.lang.Object>> org.springframework.boot.autoconfigure.web.servlet.error.BasicErrorController.error(javax.servlet.http.HttpServletRequest)
2018-04-25 15:25:19.888  INFO 7784 --- [main] s.w.s.m.m.a.RequestMappingHandlerMapping : Mapped "{[/error],produces=[text/html]}" onto public org.springframework.web.servlet.ModelAndView org.springframework.boot.autoconfigure.web.servlet.error.BasicErrorController.errorHtml(javax.servlet.http.HttpServletRequest,javax.servlet.http.HttpServletResponse)
2018-04-25 15:25:20.151  INFO 7784 --- [main] pertySourcedRequestMappingHandlerMapping : Mapped URL path [/v2/api-docs] onto method [public org.springframework.http.ResponseEntity<springfox.documentation.spring.web.json.Json> springfox.documentation.swagger2.web.Swagger2Controller.getDocumentation(java.lang.String,javax.servlet.http.HttpServletRequest)]
2018-04-25 15:25:20.607  INFO 7784 --- [main] o.s.w.s.handler.SimpleUrlHandlerMapping  : Mapped URL path [/**/favicon.ico] onto handler of type [class org.springframework.web.servlet.resource.ResourceHttpRequestHandler]
2018-04-25 15:25:20.906  INFO 7784 --- [main] s.w.s.m.m.a.RequestMappingHandlerAdapter : Looking for @ControllerAdvice: org.springframework.web.context.support.GenericWebApplicationContext@68c9d179: startup date [Wed Apr 25 15:25:17 CST 2018]; root of context hierarchy
2018-04-25 15:25:20.909  INFO 7784 --- [main] s.w.s.m.m.a.RequestMappingHandlerAdapter : Detected ResponseBodyAdvice bean in globalControllerAdvice
2018-04-25 15:25:21.017  INFO 7784 --- [main] o.s.w.s.handler.SimpleUrlHandlerMapping  : Mapped URL path [/webjars/**] onto handler of type [class org.springframework.web.servlet.resource.ResourceHttpRequestHandler]
2018-04-25 15:25:21.017  INFO 7784 --- [main] o.s.w.s.handler.SimpleUrlHandlerMapping  : Mapped URL path [/**] onto handler of type [class org.springframework.web.servlet.resource.ResourceHttpRequestHandler]
2018-04-25 15:25:21.032  INFO 7784 --- [main] .m.m.a.ExceptionHandlerExceptionResolver : Detected @ExceptionHandler methods in globalControllerAdvice
2018-04-25 15:25:21.033  INFO 7784 --- [main] .m.m.a.ExceptionHandlerExceptionResolver : Detected ResponseBodyAdvice implementation in globalControllerAdvice
2018-04-25 15:25:21.663  INFO 7784 --- [main] o.s.c.support.DefaultLifecycleProcessor  : Starting beans in phase 2147483647
2018-04-25 15:25:21.663  INFO 7784 --- [main] d.s.w.p.DocumentationPluginsBootstrapper : Context refreshed
2018-04-25 15:25:21.731  INFO 7784 --- [main] d.s.w.p.DocumentationPluginsBootstrapper : Found 1 custom documentation plugin(s)
2018-04-25 15:25:21.847  INFO 7784 --- [main] s.d.s.w.s.ApiListingReferenceScanner     : Scanning for api listing references
2018-04-25 15:25:22.079  INFO 7784 --- [main] .d.s.w.r.o.CachingOperationNameGenerator : Generating unique operation named: addUserUsingPOST_1
2018-04-25 15:25:22.166  INFO 7784 --- [main] com.miss.swagger_demo.excelTest          : Started excelTest in 5.548 seconds (JVM running for 7.063)
2018-04-25 15:25:23.618  INFO 7784 --- [main] c.a.j.o.c.SocketOpenOfficeConnection     : trying to (re)connect
2018-04-25 15:25:24.647  INFO 7784 --- [Thread-3] o.s.w.c.s.GenericWebApplicationContext   : Closing org.springframework.web.context.support.GenericWebApplicationContext@68c9d179: startup date [Wed Apr 25 15:25:17 CST 2018]; root of context hierarchy
2018-04-25 15:25:24.665  INFO 7784 --- [Thread-3] o.s.c.support.DefaultLifecycleProcessor  : Stopping beans in phase 2147483647
2018-04-25 15:27:38.629  INFO 12548 --- [main] com.miss.swagger_demo.excelTest          : Starting excelTest on DESKTOP-E1KVEEQ with PID 12548 (started by miss in F:\define\Define Job\swagger_demo)
2018-04-25 15:27:38.630  INFO 12548 --- [main] com.miss.swagger_demo.excelTest          : The following profiles are active: dev
2018-04-25 15:27:38.697  INFO 12548 --- [main] o.s.w.c.s.GenericWebApplicationContext   : Refreshing org.springframework.web.context.support.GenericWebApplicationContext@68c9d179: startup date [Wed Apr 25 15:27:38 CST 2018]; root of context hierarchy
2018-04-25 15:27:40.402  INFO 12548 --- [main] trationDelegate$BeanPostProcessorChecker : Bean 'org.springframework.transaction.annotation.ProxyTransactionManagementConfiguration' of type [org.springframework.transaction.annotation.ProxyTransactionManagementConfiguration$$EnhancerBySpringCGLIB$$a5b6fb08] is not eligible for getting processed by all BeanPostProcessors (for example: not eligible for auto-proxying)
2018-04-25 15:27:41.528  INFO 12548 --- [main] s.w.s.m.m.a.RequestMappingHandlerMapping : Mapped "{[/api/addUser],methods=[POST]}" onto public com.miss.swagger_demo.entity.User com.miss.swagger_demo.controller.SomeRestController.addUser(com.miss.swagger_demo.entity.User)
2018-04-25 15:27:41.529  INFO 12548 --- [main] s.w.s.m.m.a.RequestMappingHandlerMapping : Mapped "{[/api/hello],methods=[GET]}" onto public java.lang.String com.miss.swagger_demo.controller.SomeRestController.hello(int)
2018-04-25 15:27:41.529  INFO 12548 --- [main] s.w.s.m.m.a.RequestMappingHandlerMapping : Mapped "{[/api/getUserOptLog],methods=[POST]}" onto public com.miss.swagger_demo.entity.UserOptLog com.miss.swagger_demo.controller.SomeRestController.getUserOptLogs(com.miss.swagger_demo.entity.UserOptLog)
2018-04-25 15:27:41.531  INFO 12548 --- [main] s.w.s.m.m.a.RequestMappingHandlerMapping : Mapped "{[/api/user/addUser],methods=[POST]}" onto public com.miss.swagger_demo.entity.User com.miss.swagger_demo.controller.UserController.addUser(com.miss.swagger_demo.entity.User)
2018-04-25 15:27:41.531  INFO 12548 --- [main] s.w.s.m.m.a.RequestMappingHandlerMapping : Mapped "{[/api/user/getUserByName],methods=[GET]}" onto public com.miss.swagger_demo.entity.User com.miss.swagger_demo.controller.UserController.getUserByName(java.lang.String)
2018-04-25 15:27:41.532  INFO 12548 --- [main] s.w.s.m.m.a.RequestMappingHandlerMapping : Mapped "{[/api/user/getUsers],methods=[GET]}" onto public java.util.List<com.miss.swagger_demo.entity.User> com.miss.swagger_demo.controller.UserController.getUsers()
2018-04-25 15:27:41.535  INFO 12548 --- [main] s.w.s.m.m.a.RequestMappingHandlerMapping : Mapped "{[/swagger-resources/configuration/security]}" onto public org.springframework.http.ResponseEntity<springfox.documentation.swagger.web.SecurityConfiguration> springfox.documentation.swagger.web.ApiResourceController.securityConfiguration()
2018-04-25 15:27:41.536  INFO 12548 --- [main] s.w.s.m.m.a.RequestMappingHandlerMapping : Mapped "{[/swagger-resources/configuration/ui]}" onto public org.springframework.http.ResponseEntity<springfox.documentation.swagger.web.UiConfiguration> springfox.documentation.swagger.web.ApiResourceController.uiConfiguration()
2018-04-25 15:27:41.537  INFO 12548 --- [main] s.w.s.m.m.a.RequestMappingHandlerMapping : Mapped "{[/swagger-resources]}" onto public org.springframework.http.ResponseEntity<java.util.List<springfox.documentation.swagger.web.SwaggerResource>> springfox.documentation.swagger.web.ApiResourceController.swaggerResources()
2018-04-25 15:27:41.542  INFO 12548 --- [main] s.w.s.m.m.a.RequestMappingHandlerMapping : Mapped "{[/error]}" onto public org.springframework.http.ResponseEntity<java.util.Map<java.lang.String, java.lang.Object>> org.springframework.boot.autoconfigure.web.servlet.error.BasicErrorController.error(javax.servlet.http.HttpServletRequest)
2018-04-25 15:27:41.543  INFO 12548 --- [main] s.w.s.m.m.a.RequestMappingHandlerMapping : Mapped "{[/error],produces=[text/html]}" onto public org.springframework.web.servlet.ModelAndView org.springframework.boot.autoconfigure.web.servlet.error.BasicErrorController.errorHtml(javax.servlet.http.HttpServletRequest,javax.servlet.http.HttpServletResponse)
2018-04-25 15:27:41.757  INFO 12548 --- [main] pertySourcedRequestMappingHandlerMapping : Mapped URL path [/v2/api-docs] onto method [public org.springframework.http.ResponseEntity<springfox.documentation.spring.web.json.Json> springfox.documentation.swagger2.web.Swagger2Controller.getDocumentation(java.lang.String,javax.servlet.http.HttpServletRequest)]
2018-04-25 15:27:42.086  INFO 12548 --- [main] o.s.w.s.handler.SimpleUrlHandlerMapping  : Mapped URL path [/**/favicon.ico] onto handler of type [class org.springframework.web.servlet.resource.ResourceHttpRequestHandler]
2018-04-25 15:27:42.307  INFO 12548 --- [main] s.w.s.m.m.a.RequestMappingHandlerAdapter : Looking for @ControllerAdvice: org.springframework.web.context.support.GenericWebApplicationContext@68c9d179: startup date [Wed Apr 25 15:27:38 CST 2018]; root of context hierarchy
2018-04-25 15:27:42.312  INFO 12548 --- [main] s.w.s.m.m.a.RequestMappingHandlerAdapter : Detected ResponseBodyAdvice bean in globalControllerAdvice
2018-04-25 15:27:42.385  INFO 12548 --- [main] o.s.w.s.handler.SimpleUrlHandlerMapping  : Mapped URL path [/webjars/**] onto handler of type [class org.springframework.web.servlet.resource.ResourceHttpRequestHandler]
2018-04-25 15:27:42.387  INFO 12548 --- [main] o.s.w.s.handler.SimpleUrlHandlerMapping  : Mapped URL path [/**] onto handler of type [class org.springframework.web.servlet.resource.ResourceHttpRequestHandler]
2018-04-25 15:27:42.409  INFO 12548 --- [main] .m.m.a.ExceptionHandlerExceptionResolver : Detected @ExceptionHandler methods in globalControllerAdvice
2018-04-25 15:27:42.410  INFO 12548 --- [main] .m.m.a.ExceptionHandlerExceptionResolver : Detected ResponseBodyAdvice implementation in globalControllerAdvice
2018-04-25 15:27:42.975  INFO 12548 --- [main] o.s.c.support.DefaultLifecycleProcessor  : Starting beans in phase 2147483647
2018-04-25 15:27:42.975  INFO 12548 --- [main] d.s.w.p.DocumentationPluginsBootstrapper : Context refreshed
2018-04-25 15:27:43.009  INFO 12548 --- [main] d.s.w.p.DocumentationPluginsBootstrapper : Found 1 custom documentation plugin(s)
2018-04-25 15:27:43.043  INFO 12548 --- [main] s.d.s.w.s.ApiListingReferenceScanner     : Scanning for api listing references
2018-04-25 15:27:43.203  INFO 12548 --- [main] .d.s.w.r.o.CachingOperationNameGenerator : Generating unique operation named: addUserUsingPOST_1
2018-04-25 15:27:43.244  INFO 12548 --- [main] com.miss.swagger_demo.excelTest          : Started excelTest in 5.017 seconds (JVM running for 6.016)
2018-04-25 15:27:43.622  INFO 12548 --- [main] c.a.j.o.c.SocketOpenOfficeConnection     : connected
2018-04-25 15:27:56.834  INFO 12548 --- [main] c.a.j.o.c.SocketOpenOfficeConnection     : disconnected
2018-04-25 15:27:56.839  INFO 12548 --- [Thread-3] o.s.w.c.s.GenericWebApplicationContext   : Closing org.springframework.web.context.support.GenericWebApplicationContext@68c9d179: startup date [Wed Apr 25 15:27:38 CST 2018]; root of context hierarchy
2018-04-25 15:27:56.841  INFO 12548 --- [Thread-3] o.s.c.support.DefaultLifecycleProcessor  : Stopping beans in phase 2147483647
